<?xml version="1.0" encoding="UTF-8"?>
<testsuite name="org.example.TaskSolutionsTest" tests="1" skipped="0" failures="0" errors="0" timestamp="2024-10-19T15:26:06" hostname="DESKTOP-C14UUIG" time="0.009">
  <properties/>
  <testcase name="testLargestSquareRoot()" classname="org.example.TaskSolutionsTest" time="0.009"/>
  <system-out><![CDATA[]]></system-out>
  <system-err><![CDATA[]]></system-err>
</testsuite>
